1552614371804	mozrunner::runner	INFO	Running command: "/usr/bin/firefox" "-marionette" "-foreground" "-no-remote" "-profile" "/tmp/rust_mozprofile.4H15ZQOQiGsR"
1552614372397	addons.webextension.screenshots@mozilla.org	WARN	Loading extension 'screenshots@mozilla.org': Reading manifest: Invalid host permission: resource://pdf.js/
1552614372398	addons.webextension.screenshots@mozilla.org	WARN	Loading extension 'screenshots@mozilla.org': Reading manifest: Invalid host permission: about:reader*
1552614374292	Marionette	INFO	Listening on port 41309
1552614374336	Marionette	WARN	TLS certificate errors will be ignored for this session
1552614375661	mozrunner::runner	INFO	Running command: "/usr/bin/firefox" "-marionette" "-foreground" "-no-remote" "-profile" "/tmp/rust_mozprofile.MdWyUewZPQzN"
1552614376287	addons.webextension.screenshots@mozilla.org	WARN	Loading extension 'screenshots@mozilla.org': Reading manifest: Invalid host permission: resource://pdf.js/
1552614376287	addons.webextension.screenshots@mozilla.org	WARN	Loading extension 'screenshots@mozilla.org': Reading manifest: Invalid host permission: about:reader*
1552614378243	Marionette	INFO	Listening on port 37189
1552614378282	Marionette	WARN	TLS certificate errors will be ignored for this session
1552614381179	Marionette	INFO	Stopped listening on port 37189
[Parent 14423, Gecko_IOThread] WARNING: pipe error (79): 连接被对方重设: file /build/firefox-5TPFUC/firefox-65.0.1+build2/ipc/chromium/src/chrome/common/ipc_channel_posix.cc, line 349
[Parent 14423, Gecko_IOThread] WARNING: pipe error (109): 连接被对方重设: file /build/firefox-5TPFUC/firefox-65.0.1+build2/ipc/chromium/src/chrome/common/ipc_channel_posix.cc, line 349
[Parent 14190, Gecko_IOThread] WARNING: pipe error (79): 连接被对方重设: file /build/firefox-5TPFUC/firefox-65.0.1+build2/ipc/chromium/src/chrome/common/ipc_channel_posix.cc, line 349
[Parent 14190, Gecko_IOThread] WARNING: pipe error (110): 连接被对方重设: file /build/firefox-5TPFUC/firefox-65.0.1+build2/ipc/chromium/src/chrome/common/ipc_channel_posix.cc, line 349
1552614384151	Marionette	INFO	Stopped listening on port 41309
1552631903348	mozrunner::runner	INFO	Running command: "/usr/bin/firefox" "-marionette" "-foreground" "-no-remote" "-profile" "/tmp/rust_mozprofile.Vqi8lgsDz6Wh"
1552631903936	addons.webextension.screenshots@mozilla.org	WARN	Loading extension 'screenshots@mozilla.org': Reading manifest: Invalid host permission: resource://pdf.js/
1552631903937	addons.webextension.screenshots@mozilla.org	WARN	Loading extension 'screenshots@mozilla.org': Reading manifest: Invalid host permission: about:reader*
1552631905927	Marionette	INFO	Listening on port 46227
1552631905974	Marionette	WARN	TLS certificate errors will be ignored for this session
1552631909399	Marionette	INFO	Stopped listening on port 46227
[Parent 21286, Gecko_IOThread] WARNING: pipe error (79): 连接被对方重设: file /build/firefox-5TPFUC/firefox-65.0.1+build2/ipc/chromium/src/chrome/common/ipc_channel_posix.cc, line 349
[Parent 21286, Gecko_IOThread] WARNING: pipe error (93): 连接被对方重设: file /build/firefox-5TPFUC/firefox-65.0.1+build2/ipc/chromium/src/chrome/common/ipc_channel_posix.cc, line 349
1552632484865	mozrunner::runner	INFO	Running command: "/usr/bin/firefox" "-marionette" "-foreground" "-no-remote" "-profile" "/tmp/rust_mozprofile.QrfleWrkE8Da"
1552632485442	addons.webextension.screenshots@mozilla.org	WARN	Loading extension 'screenshots@mozilla.org': Reading manifest: Invalid host permission: resource://pdf.js/
1552632485442	addons.webextension.screenshots@mozilla.org	WARN	Loading extension 'screenshots@mozilla.org': Reading manifest: Invalid host permission: about:reader*
1552632487402	Marionette	INFO	Listening on port 44385
1552632487493	Marionette	WARN	TLS certificate errors will be ignored for this session
1552632490588	Marionette	INFO	Stopped listening on port 44385
[Parent 22555, Gecko_IOThread] WARNING: pipe error (79): 连接被对方重设: file /build/firefox-5TPFUC/firefox-65.0.1+build2/ipc/chromium/src/chrome/common/ipc_channel_posix.cc, line 349
[Parent 22555, Gecko_IOThread] WARNING: pipe error (108): 连接被对方重设: file /build/firefox-5TPFUC/firefox-65.0.1+build2/ipc/chromium/src/chrome/common/ipc_channel_posix.cc, line 349
1552632886509	mozrunner::runner	INFO	Running command: "/usr/bin/firefox" "-marionette" "-foreground" "-no-remote" "-profile" "/tmp/rust_mozprofile.g3NkgyjITdqC"
1552632887092	addons.webextension.screenshots@mozilla.org	WARN	Loading extension 'screenshots@mozilla.org': Reading manifest: Invalid host permission: resource://pdf.js/
1552632887092	addons.webextension.screenshots@mozilla.org	WARN	Loading extension 'screenshots@mozilla.org': Reading manifest: Invalid host permission: about:reader*
1552632889001	Marionette	INFO	Listening on port 44727
1552632889043	Marionette	WARN	TLS certificate errors will be ignored for this session
[Parent 22946, Gecko_IOThread] WARNING: pipe error (79): 连接被对方重设: file /build/firefox-5TPFUC/firefox-65.0.1+build2/ipc/chromium/src/chrome/common/ipc_channel_posix.cc, line 349
[Parent 22946, Gecko_IOThread] WARNING: pipe error (110): 连接被对方重设: file /build/firefox-5TPFUC/firefox-65.0.1+build2/ipc/chromium/src/chrome/common/ipc_channel_posix.cc, line 349
1552632891150	Marionette	INFO	Stopped listening on port 44727
1552632911697	mozrunner::runner	INFO	Running command: "/usr/bin/firefox" "-marionette" "-foreground" "-no-remote" "-profile" "/tmp/rust_mozprofile.nRGNcihKEfgt"
1552632912283	addons.webextension.screenshots@mozilla.org	WARN	Loading extension 'screenshots@mozilla.org': Reading manifest: Invalid host permission: resource://pdf.js/
1552632912283	addons.webextension.screenshots@mozilla.org	WARN	Loading extension 'screenshots@mozilla.org': Reading manifest: Invalid host permission: about:reader*
1552632914214	Marionette	INFO	Listening on port 34631
1552632914310	Marionette	WARN	TLS certificate errors will be ignored for this session
[Parent 23208, Gecko_IOThread] WARNING: pipe error (82): 连接被对方重设: file /build/firefox-5TPFUC/firefox-65.0.1+build2/ipc/chromium/src/chrome/common/ipc_channel_posix.cc, line 349
[Parent 23208, Gecko_IOThread] WARNING: pipe error (79): 连接被对方重设: file /build/firefox-5TPFUC/firefox-65.0.1+build2/ipc/chromium/src/chrome/common/ipc_channel_posix.cc, line 349
1552632916106	Marionette	INFO	Stopped listening on port 34631
1552633617647	mozrunner::runner	INFO	Running command: "/usr/bin/firefox" "-marionette" "-foreground" "-no-remote" "-profile" "/tmp/rust_mozprofile.96szcz7yxDFu"
1552633618295	addons.webextension.screenshots@mozilla.org	WARN	Loading extension 'screenshots@mozilla.org': Reading manifest: Invalid host permission: resource://pdf.js/
1552633618295	addons.webextension.screenshots@mozilla.org	WARN	Loading extension 'screenshots@mozilla.org': Reading manifest: Invalid host permission: about:reader*
1552633620448	Marionette	INFO	Listening on port 42153
1552633620464	Marionette	WARN	TLS certificate errors will be ignored for this session
1552633623645	Marionette	INFO	Stopped listening on port 42153
[Parent 23656, Gecko_IOThread] WARNING: pipe error (69): 连接被对方重设: file /build/firefox-5TPFUC/firefox-65.0.1+build2/ipc/chromium/src/chrome/common/ipc_channel_posix.cc, line 349
[Parent 23656, Gecko_IOThread] WARNING: pipe error (79): 连接被对方重设: file /build/firefox-5TPFUC/firefox-65.0.1+build2/ipc/chromium/src/chrome/common/ipc_channel_posix.cc, line 349
